Starting LoadTestClient-v3:
  totalMessages=1000000 threads=10
  servers=[ws://34.220.211.133:8080/chat/, ws://44.254.130.228:8080/chat/] (2 instance(s))
  metrics=http://34.220.211.133:8081/metrics
SLF4J(W): A number (9) of logging calls during the initialization phase have been intercepted and are
SLF4J(W): now being replayed. These are subject to the filtering rules of the underlying logging system.
SLF4J(W): See also https://www.slf4j.org/codes.html#replay
[sender-7] sent 10000 / 100000
[sender-0] sent 10000 / 100000
[sender-8] sent 10000 / 100000
[sender-6] sent 10000 / 100000
[sender-1] sent 10000 / 100000
[sender-2] sent 10000 / 100000
[sender-9] sent 10000 / 100000
[sender-5] sent 10000 / 100000
[sender-4] sent 10000 / 100000
[sender-3] sent 10000 / 100000
[sender-7] sent 20000 / 100000
[sender-8] sent 20000 / 100000
[sender-2] sent 20000 / 100000
[sender-0] sent 20000 / 100000
[sender-1] sent 20000 / 100000
[sender-9] sent 20000 / 100000
[sender-6] sent 20000 / 100000
[sender-5] sent 20000 / 100000
[sender-3] sent 20000 / 100000
[sender-4] sent 20000 / 100000
[sender-7] sent 30000 / 100000
[sender-1] sent 30000 / 100000
[sender-8] sent 30000 / 100000
[sender-2] sent 30000 / 100000
[sender-0] sent 30000 / 100000
[sender-9] sent 30000 / 100000
[sender-6] sent 30000 / 100000
[sender-4] sent 30000 / 100000
[sender-3] sent 30000 / 100000
[sender-5] sent 30000 / 100000
[sender-7] sent 40000 / 100000
[sender-1] sent 40000 / 100000
[sender-8] sent 40000 / 100000
[sender-0] sent 40000 / 100000
[sender-9] sent 40000 / 100000
[sender-2] sent 40000 / 100000
[sender-6] sent 40000 / 100000
[sender-3] sent 40000 / 100000
[sender-4] sent 40000 / 100000
[sender-5] sent 40000 / 100000
[sender-7] sent 50000 / 100000
[sender-1] sent 50000 / 100000
[sender-8] sent 50000 / 100000
[sender-9] sent 50000 / 100000
[sender-2] sent 50000 / 100000
[sender-0] sent 50000 / 100000
[sender-6] sent 50000 / 100000
[sender-3] sent 50000 / 100000
[sender-4] sent 50000 / 100000
[sender-5] sent 50000 / 100000
[sender-7] sent 60000 / 100000
[sender-1] sent 60000 / 100000
[sender-8] sent 60000 / 100000
[sender-9] sent 60000 / 100000
[sender-0] sent 60000 / 100000
[sender-6] sent 60000 / 100000
[sender-2] sent 60000 / 100000
[sender-4] sent 60000 / 100000
[sender-3] sent 60000 / 100000
[sender-5] sent 60000 / 100000
[sender-7] sent 70000 / 100000
[sender-1] sent 70000 / 100000
[sender-8] sent 70000 / 100000
[sender-0] sent 70000 / 100000
[sender-9] sent 70000 / 100000
[sender-6] sent 70000 / 100000
[sender-2] sent 70000 / 100000
[sender-4] sent 70000 / 100000
[sender-3] sent 70000 / 100000
[sender-5] sent 70000 / 100000
[sender-7] sent 80000 / 100000
[sender-8] sent 80000 / 100000
[sender-1] sent 80000 / 100000
[sender-9] sent 80000 / 100000
[sender-6] sent 80000 / 100000
[sender-0] sent 80000 / 100000
[sender-2] sent 80000 / 100000
[sender-4] sent 80000 / 100000
[sender-3] sent 80000 / 100000
[sender-5] sent 80000 / 100000
[sender-7] sent 90000 / 100000
[sender-8] sent 90000 / 100000
[sender-1] sent 90000 / 100000
[sender-9] sent 90000 / 100000
[sender-0] sent 90000 / 100000
[sender-2] sent 90000 / 100000
[sender-6] sent 90000 / 100000
[sender-3] sent 90000 / 100000
[sender-4] sent 90000 / 100000
[sender-5] sent 90000 / 100000
[sender-7] sent 100000 / 100000
[sender-8] sent 100000 / 100000
[sender-1] sent 100000 / 100000
MessageGenerator done. Generated: 1000000
[sender-0] sent 100000 / 100000
[sender-9] sent 100000 / 100000
[sender-4] sent 100000 / 100000
[sender-6] sent 100000 / 100000
[sender-2] sent 100000 / 100000
[sender-3] sent 100000 / 100000
[sender-5] sent 100000 / 100000
  DB count: 568,526
  DB count: 742,516
  DB count: 939,781
  DB count: 1,141,771
  DB count: 1,327,271
  DB count: 1,500,000
  DB count: 1,500,000
  DB count: 1,500,000

========== Load Test Results ==========
Messages sent         : 1,000,000
Failed messages       : 0
Total runtime         : 3.02 s
---------------------------------------
Round-trip confirmed  : 1,000,000  (100.0% of sent)
Round-trip throughput : 31,546 msg/sec
p50 round-trip        : 13491 ms
p99 round-trip        : 28234 ms
Max round-trip        : 28982 ms
---------------------------------------
Total connections     : 200
Reconnections         : 0
=======================================

========== DB Write Results ==========
Messages sent       : 1,000,000  (331,565 msg/sec)
Messages in DB      : 1,500,000
Gap (sent - in DB)  : -500,000  (-50.0%)
DB catchup time     : 104.58 s
DB write throughput : 13941 msg/sec
======================================
